<?xml version="1.0" encoding="UTF-8"?>
<testsuite name="com.example.DemoApplicationTests" time="0.008" tests="1" errors="1" skipped="0" failures="0">
  <properties>
[...]
</properties>
  <testcase name="initializationError" classname="com.example.DemoApplicationTests" time="0.008">
    <error message="Unable to find a @SpringBootConfiguration, you need to use @ContextConfiguration or @SpringBootTest(classes=...) with your test" type="java.lang.IllegalStateException"><![CDATA[java.lang.IllegalStateException: Unable to find a @SpringBootConfiguration, you need to use @ContextConfiguration or @SpringBootTest(classes=...) with your test
	at org.springframework.util.Assert.state(Assert.java:70)
	at org.springframework.boot.test.context.SpringBootTestContextBootstrapper.getOrFindConfigurationClasses(SpringBootTestContextBootstrapper.java:202)
	at org.springframework.boot.test.context.SpringBootTestContextBootstrapper.processMergedContextConfiguration(SpringBootTestContextBootstrapper.java:137)
	at org.springframework.test.context.support.AbstractTestContextBootstrapper.buildMergedContextConfiguration(AbstractTestContextBootstrapper.java:409)
	at org.springframework.test.context.support.AbstractTestContextBootstrapper.buildDefaultMergedContextConfiguration(AbstractTestContextBootstrapper.java:323)
	at org.springframework.test.context.support.AbstractTestContextBootstrapper.buildMergedContextConfiguration(AbstractTestContextBootstrapper.java:277)
	at org.springframework.test.context.support.AbstractTestContextBootstrapper.buildTestContext(AbstractTestContextBootstrapper.java:112)
	at org.springframework.boot.test.context.SpringBootTestContextBootstrapper.buildTestContext(SpringBootTestContextBootstrapper.java:82)
	at org.springframework.test.context.TestContextManager.<init>(TestContextManager.java:120)
	at org.springframework.test.context.TestContextManager.<init>(TestContextManager.java:105)
	at org.springframework.test.context.junit4.SpringJUnit4ClassRunner.createTestContextManager(SpringJUnit4ClassRunner.java:152)
	at org.springframework.test.context.junit4.SpringJUnit4ClassRunner.<init>(SpringJUnit4ClassRunner.java:143)
	at org.springframework.test.context.junit4.SpringRunner.<init>(SpringRunner.java:49)
	at sun.reflect.NativeConstructorAccessorImpl.newInstance0(Native Method)
	at sun.reflect.NativeConstructorAccessorImpl.newInstance(NativeConstructorAccessorImpl.java:62)
	at sun.reflect.DelegatingConstructorAccessorImpl.newInstance(DelegatingConstructorAccessorImpl.java:45)
	at java.lang.reflect.Constructor.newInstance(Constructor.java:423)
	at org.junit.internal.builders.AnnotatedBuilder.buildRunner(AnnotatedBuilder.java:104)
	at org.junit.internal.builders.AnnotatedBuilder.runnerForClass(AnnotatedBuilder.java:86)
	at org.junit.runners.model.RunnerBuilder.safeRunnerForClass(RunnerBuilder.java:59)
	at org.junit.internal.builders.AllDefaultPossibilitiesBuilder.runnerForClass(AllDefaultPossibilitiesBuilder.java:26)
	at org.junit.runners.model.RunnerBuilder.safeRunnerForClass(RunnerBuilder.java:59)
	at org.junit.internal.requests.ClassRequest.getRunner(ClassRequest.java:33)
	at org.apache.maven.surefire.junit4.JUnit4Provider.execute(JUnit4Provider.java:283)
	at org.apache.maven.surefire.junit4.JUnit4Provider.executeWithRerun(JUnit4Provider.java:173)
	at org.apache.maven.surefire.junit4.JUnit4Provider.executeTestSet(JUnit4Provider.java:153)
	at org.apache.maven.surefire.junit4.JUnit4Provider.invoke(JUnit4Provider.java:128)
	at org.apache.maven.surefire.booter.ForkedBooter.invokeProviderInSameClassLoader(ForkedBooter.java:203)
	at org.apache.maven.surefire.booter.ForkedBooter.runSuitesInProcess(ForkedBooter.java:155)
	at org.apache.maven.surefire.booter.ForkedBooter.main(ForkedBooter.java:103)
]]></error>
    <system-out><![CDATA[18:30:40.859 [main] DEBUG org.springframework.test.context.junit4.SpringJUnit4ClassRunner - SpringJUnit4ClassRunner constructor called with [class com.example.DemoApplicationTests]
18:30:40.865 [main] DEBUG org.springframework.test.context.BootstrapUtils - Instantiating CacheAwareContextLoaderDelegate from class [org.springframework.test.context.cache.DefaultCacheAwareContextLoaderDelegate]
18:30:40.874 [main] DEBUG org.springframework.test.context.BootstrapUtils - Instantiating BootstrapContext using constructor [public org.springframework.test.context.support.DefaultBootstrapContext(java.lang.Class,org.springframework.test.context.CacheAwareContextLoaderDelegate)]
18:30:40.894 [main] DEBUG org.springframework.test.context.BootstrapUtils - Instantiating TestContextBootstrapper for test class [com.example.DemoApplicationTests] from class [org.springframework.boot.test.context.SpringBootTestContextBootstrapper]
18:30:40.912 [main] INFO org.springframework.boot.test.context.SpringBootTestContextBootstrapper - Neither @ContextConfiguration nor @ContextHierarchy found for test class [com.example.DemoApplicationTests], using SpringBootContextLoader
18:30:40.915 [main] DEBUG org.springframework.test.context.support.AbstractContextLoader - Did not detect default resource location for test class [com.example.DemoApplicationTests]: class path resource [com/example/DemoApplicationTests-context.xml] does not exist
18:30:40.915 [main] DEBUG org.springframework.test.context.support.AbstractContextLoader - Did not detect default resource location for test class [com.example.DemoApplicationTests]: class path resource [com/example/DemoApplicationTestsContext.groovy] does not exist
18:30:40.915 [main] INFO org.springframework.test.context.support.AbstractContextLoader - Could not detect default resource locations for test class [com.example.DemoApplicationTests]: no resource found for suffixes {-context.xml, Context.groovy}.
18:30:40.916 [main] INFO org.springframework.test.context.support.AnnotationConfigContextLoaderUtils - Could not detect default configuration classes for test class [com.example.DemoApplicationTests]: DemoApplicationTests does not declare any static, non-private, non-final, nested classes annotated with @Configuration.
18:30:40.960 [main] DEBUG org.springframework.test.context.support.ActiveProfilesUtils - Could not find an 'annotation declaring class' for annotation type [org.springframework.test.context.ActiveProfiles] and class [com.example.DemoApplicationTests]
18:30:40.966 [main] DEBUG org.springframework.core.env.StandardEnvironment - Adding [systemProperties] PropertySource with lowest search precedence
18:30:40.968 [main] DEBUG org.springframework.core.env.StandardEnvironment - Adding [systemEnvironment] PropertySource with lowest search precedence
18:30:40.968 [main] DEBUG org.springframework.core.env.StandardEnvironment - Initialized StandardEnvironment with PropertySources [systemProperties,systemEnvironment]
18:30:40.979 [main] DEBUG org.springframework.core.io.support.PathMatchingResourcePatternResolver - Resolved classpath location [com/example/] to resources [URL [file:/home/diksha15/Documents/workspace-sts-3.9.0.RELEASE/spring_secure_login_application3/target/test-classes/com/example/], URL [file:/home/diksha15/Documents/workspace-sts-3.9.0.RELEASE/spring_secure_login_application3/target/classes/com/example/]]
18:30:40.979 [main] DEBUG org.springframework.core.io.support.PathMatchingResourcePatternResolver - Looking for matching resources in directory tree [/home/diksha15/Documents/workspace-sts-3.9.0.RELEASE/spring_secure_login_application3/target/test-classes/com/example]
18:30:40.980 [main] DEBUG org.springframework.core.io.support.PathMatchingResourcePatternResolver - Searching directory [/home/diksha15/Documents/workspace-sts-3.9.0.RELEASE/spring_secure_login_application3/target/test-classes/com/example] for files matching pattern [/home/diksha15/Documents/workspace-sts-3.9.0.RELEASE/spring_secure_login_application3/target/test-classes/com/example/*.class]
18:30:40.983 [main] DEBUG org.springframework.core.io.support.PathMatchingResourcePatternResolver - Looking for matching resources in directory tree [/home/diksha15/Documents/workspace-sts-3.9.0.RELEASE/spring_secure_login_application3/target/classes/com/example]
18:30:40.983 [main] DEBUG org.springframework.core.io.support.PathMatchingResourcePatternResolver - Searching directory [/home/diksha15/Documents/workspace-sts-3.9.0.RELEASE/spring_secure_login_application3/target/classes/com/example] for files matching pattern [/home/diksha15/Documents/workspace-sts-3.9.0.RELEASE/spring_secure_login_application3/target/classes/com/example/*.class]
18:30:40.984 [main] DEBUG org.springframework.core.io.support.PathMatchingResourcePatternResolver - Resolved location pattern [classpath*:com/example/*.class] to resources [file [/home/diksha15/Documents/workspace-sts-3.9.0.RELEASE/spring_secure_login_application3/target/test-classes/com/example/DemoApplicationTests.class]]
18:30:41.009 [main] DEBUG org.springframework.core.io.support.PathMatchingResourcePatternResolver - Resolved classpath location [com/] to resources [URL [file:/home/diksha15/Documents/workspace-sts-3.9.0.RELEASE/spring_secure_login_application3/target/test-classes/com/], URL [file:/home/diksha15/Documents/workspace-sts-3.9.0.RELEASE/spring_secure_login_application3/target/classes/com/], URL [jar:file:/home/diksha15/.m2/repository/com/sun/el/el-ri/1.0/el-ri-1.0.jar!/com/], URL [jar:file:/home/diksha15/.m2/repository/com/fasterxml/classmate/1.3.3/classmate-1.3.3.jar!/com/], URL [jar:file:/home/diksha15/.m2/repository/com/fasterxml/jackson/core/jackson-databind/2.8.9/jackson-databind-2.8.9.jar!/com/], URL [jar:file:/home/diksha15/.m2/repository/com/fasterxml/jackson/core/jackson-annotations/2.8.0/jackson-annotations-2.8.0.jar!/com/], URL [jar:file:/home/diksha15/.m2/repository/com/fasterxml/jackson/core/jackson-core/2.8.9/jackson-core-2.8.9.jar!/com/], URL [jar:file:/home/diksha15/.m2/repository/mysql/mysql-connector-java/5.1.43/mysql-connector-java-5.1.43.jar!/com/], URL [jar:file:/home/diksha15/.m2/repository/com/jayway/jsonpath/json-path/2.2.0/json-path-2.2.0.jar!/com/]]
18:30:41.010 [main] DEBUG org.springframework.core.io.support.PathMatchingResourcePatternResolver - Looking for matching resources in directory tree [/home/diksha15/Documents/workspace-sts-3.9.0.RELEASE/spring_secure_login_application3/target/test-classes/com]
18:30:41.010 [main] DEBUG org.springframework.core.io.support.PathMatchingResourcePatternResolver - Searching directory [/home/diksha15/Documents/workspace-sts-3.9.0.RELEASE/spring_secure_login_application3/target/test-classes/com] for files matching pattern [/home/diksha15/Documents/workspace-sts-3.9.0.RELEASE/spring_secure_login_application3/target/test-classes/com/*.class]
18:30:41.010 [main] DEBUG org.springframework.core.io.support.PathMatchingResourcePatternResolver - Looking for matching resources in directory tree [/home/diksha15/Documents/workspace-sts-3.9.0.RELEASE/spring_secure_login_application3/target/classes/com]
18:30:41.011 [main] DEBUG org.springframework.core.io.support.PathMatchingResourcePatternResolver - Searching directory [/home/diksha15/Documents/workspace-sts-3.9.0.RELEASE/spring_secure_login_application3/target/classes/com] for files matching pattern [/home/diksha15/Documents/workspace-sts-3.9.0.RELEASE/spring_secure_login_application3/target/classes/com/*.class]
18:30:41.011 [main] DEBUG org.springframework.core.io.support.PathMatchingResourcePatternResolver - Looking for matching resources in jar file [file:/home/diksha15/.m2/repository/com/sun/el/el-ri/1.0/el-ri-1.0.jar]
18:30:41.013 [main] DEBUG org.springframework.core.io.support.PathMatchingResourcePatternResolver - Looking for matching resources in jar file [file:/home/diksha15/.m2/repository/com/fasterxml/classmate/1.3.3/classmate-1.3.3.jar]
18:30:41.014 [main] DEBUG org.springframework.core.io.support.PathMatchingResourcePatternResolver - Looking for matching resources in jar file [file:/home/diksha15/.m2/repository/com/fasterxml/jackson/core/jackson-databind/2.8.9/jackson-databind-2.8.9.jar]
18:30:41.021 [main] DEBUG org.springframework.core.io.support.PathMatchingResourcePatternResolver - Looking for matching resources in jar file [file:/home/diksha15/.m2/repository/com/fasterxml/jackson/core/jackson-annotations/2.8.0/jackson-annotations-2.8.0.jar]
18:30:41.022 [main] DEBUG org.springframework.core.io.support.PathMatchingResourcePatternResolver - Looking for matching resources in jar file [file:/home/diksha15/.m2/repository/com/fasterxml/jackson/core/jackson-core/2.8.9/jackson-core-2.8.9.jar]
18:30:41.024 [main] DEBUG org.springframework.core.io.support.PathMatchingResourcePatternResolver - Looking for matching resources in jar file [file:/home/diksha15/.m2/repository/mysql/mysql-connector-java/5.1.43/mysql-connector-java-5.1.43.jar]
18:30:41.027 [main] DEBUG org.springframework.core.io.support.PathMatchingResourcePatternResolver - Looking for matching resources in jar file [file:/home/diksha15/.m2/repository/com/jayway/jsonpath/json-path/2.2.0/json-path-2.2.0.jar]
18:30:41.028 [main] DEBUG org.springframework.core.io.support.PathMatchingResourcePatternResolver - Resolved location pattern [classpath*:com/*.class] to resources []
18:30:41.033 [main] DEBUG org.springframework.test.context.junit4.SpringJUnit4ClassRunner - SpringJUnit4ClassRunner constructor called with [class com.example.DemoApplicationTests]
18:30:41.033 [main] DEBUG org.springframework.test.context.BootstrapUtils - Instantiating CacheAwareContextLoaderDelegate from class [org.springframework.test.context.cache.DefaultCacheAwareContextLoaderDelegate]
18:30:41.033 [main] DEBUG org.springframework.test.context.BootstrapUtils - Instantiating BootstrapContext using constructor [public org.springframework.test.context.support.DefaultBootstrapContext(java.lang.Class,org.springframework.test.context.CacheAwareContextLoaderDelegate)]
18:30:41.034 [main] DEBUG org.springframework.test.context.BootstrapUtils - Instantiating TestContextBootstrapper for test class [com.example.DemoApplicationTests] from class [org.springframework.boot.test.context.SpringBootTestContextBootstrapper]
18:30:41.035 [main] INFO org.springframework.boot.test.context.SpringBootTestContextBootstrapper - Neither @ContextConfiguration nor @ContextHierarchy found for test class [com.example.DemoApplicationTests], using SpringBootContextLoader
18:30:41.036 [main] DEBUG org.springframework.test.context.support.AbstractContextLoader - Did not detect default resource location for test class [com.example.DemoApplicationTests]: class path resource [com/example/DemoApplicationTests-context.xml] does not exist
18:30:41.036 [main] DEBUG org.springframework.test.context.support.AbstractContextLoader - Did not detect default resource location for test class [com.example.DemoApplicationTests]: class path resource [com/example/DemoApplicationTestsContext.groovy] does not exist
18:30:41.036 [main] INFO org.springframework.test.context.support.AbstractContextLoader - Could not detect default resource locations for test class [com.example.DemoApplicationTests]: no resource found for suffixes {-context.xml, Context.groovy}.
18:30:41.036 [main] INFO org.springframework.test.context.support.AnnotationConfigContextLoaderUtils - Could not detect default configuration classes for test class [com.example.DemoApplicationTests]: DemoApplicationTests does not declare any static, non-private, non-final, nested classes annotated with @Configuration.
18:30:41.042 [main] DEBUG org.springframework.test.context.support.ActiveProfilesUtils - Could not find an 'annotation declaring class' for annotation type [org.springframework.test.context.ActiveProfiles] and class [com.example.DemoApplicationTests]
18:30:41.042 [main] DEBUG org.springframework.core.env.StandardEnvironment - Adding [systemProperties] PropertySource with lowest search precedence
18:30:41.042 [main] DEBUG org.springframework.core.env.StandardEnvironment - Adding [systemEnvironment] PropertySource with lowest search precedence
18:30:41.043 [main] DEBUG org.springframework.core.env.StandardEnvironment - Initialized StandardEnvironment with PropertySources [systemProperties,systemEnvironment]
18:30:41.043 [main] DEBUG org.springframework.core.io.support.PathMatchingResourcePatternResolver - Resolved classpath location [com/example/] to resources [URL [file:/home/diksha15/Documents/workspace-sts-3.9.0.RELEASE/spring_secure_login_application3/target/test-classes/com/example/], URL [file:/home/diksha15/Documents/workspace-sts-3.9.0.RELEASE/spring_secure_login_application3/target/classes/com/example/]]
18:30:41.043 [main] DEBUG org.springframework.core.io.support.PathMatchingResourcePatternResolver - Looking for matching resources in directory tree [/home/diksha15/Documents/workspace-sts-3.9.0.RELEASE/spring_secure_login_application3/target/test-classes/com/example]
18:30:41.044 [main] DEBUG org.springframework.core.io.support.PathMatchingResourcePatternResolver - Searching directory [/home/diksha15/Documents/workspace-sts-3.9.0.RELEASE/spring_secure_login_application3/target/test-classes/com/example] for files matching pattern [/home/diksha15/Documents/workspace-sts-3.9.0.RELEASE/spring_secure_login_application3/target/test-classes/com/example/*.class]
18:30:41.044 [main] DEBUG org.springframework.core.io.support.PathMatchingResourcePatternResolver - Looking for matching resources in directory tree [/home/diksha15/Documents/workspace-sts-3.9.0.RELEASE/spring_secure_login_application3/target/classes/com/example]
18:30:41.045 [main] DEBUG org.springframework.core.io.support.PathMatchingResourcePatternResolver - Searching directory [/home/diksha15/Documents/workspace-sts-3.9.0.RELEASE/spring_secure_login_application3/target/classes/com/example] for files matching pattern [/home/diksha15/Documents/workspace-sts-3.9.0.RELEASE/spring_secure_login_application3/target/classes/com/example/*.class]
18:30:41.045 [main] DEBUG org.springframework.core.io.support.PathMatchingResourcePatternResolver - Resolved location pattern [classpath*:com/example/*.class] to resources [file [/home/diksha15/Documents/workspace-sts-3.9.0.RELEASE/spring_secure_login_application3/target/test-classes/com/example/DemoApplicationTests.class]]
18:30:41.047 [main] DEBUG org.springframework.core.io.support.PathMatchingResourcePatternResolver - Resolved classpath location [com/] to resources [URL [file:/home/diksha15/Documents/workspace-sts-3.9.0.RELEASE/spring_secure_login_application3/target/test-classes/com/], URL [file:/home/diksha15/Documents/workspace-sts-3.9.0.RELEASE/spring_secure_login_application3/target/classes/com/], URL [jar:file:/home/diksha15/.m2/repository/com/sun/el/el-ri/1.0/el-ri-1.0.jar!/com/], URL [jar:file:/home/diksha15/.m2/repository/com/fasterxml/classmate/1.3.3/classmate-1.3.3.jar!/com/], URL [jar:file:/home/diksha15/.m2/repository/com/fasterxml/jackson/core/jackson-databind/2.8.9/jackson-databind-2.8.9.jar!/com/], URL [jar:file:/home/diksha15/.m2/repository/com/fasterxml/jackson/core/jackson-annotations/2.8.0/jackson-annotations-2.8.0.jar!/com/], URL [jar:file:/home/diksha15/.m2/repository/com/fasterxml/jackson/core/jackson-core/2.8.9/jackson-core-2.8.9.jar!/com/], URL [jar:file:/home/diksha15/.m2/repository/mysql/mysql-connector-java/5.1.43/mysql-connector-java-5.1.43.jar!/com/], URL [jar:file:/home/diksha15/.m2/repository/com/jayway/jsonpath/json-path/2.2.0/json-path-2.2.0.jar!/com/]]
18:30:41.047 [main] DEBUG org.springframework.core.io.support.PathMatchingResourcePatternResolver - Looking for matching resources in directory tree [/home/diksha15/Documents/workspace-sts-3.9.0.RELEASE/spring_secure_login_application3/target/test-classes/com]
18:30:41.047 [main] DEBUG org.springframework.core.io.support.PathMatchingResourcePatternResolver - Searching directory [/home/diksha15/Documents/workspace-sts-3.9.0.RELEASE/spring_secure_login_application3/target/test-classes/com] for files matching pattern [/home/diksha15/Documents/workspace-sts-3.9.0.RELEASE/spring_secure_login_application3/target/test-classes/com/*.class]
18:30:41.047 [main] DEBUG org.springframework.core.io.support.PathMatchingResourcePatternResolver - Looking for matching resources in directory tree [/home/diksha15/Documents/workspace-sts-3.9.0.RELEASE/spring_secure_login_application3/target/classes/com]
18:30:41.047 [main] DEBUG org.springframework.core.io.support.PathMatchingResourcePatternResolver - Searching directory [/home/diksha15/Documents/workspace-sts-3.9.0.RELEASE/spring_secure_login_application3/target/classes/com] for files matching pattern [/home/diksha15/Documents/workspace-sts-3.9.0.RELEASE/spring_secure_login_application3/target/classes/com/*.class]
18:30:41.048 [main] DEBUG org.springframework.core.io.support.PathMatchingResourcePatternResolver - Looking for matching resources in jar file [file:/home/diksha15/.m2/repository/com/sun/el/el-ri/1.0/el-ri-1.0.jar]
18:30:41.048 [main] DEBUG org.springframework.core.io.support.PathMatchingResourcePatternResolver - Looking for matching resources in jar file [file:/home/diksha15/.m2/repository/com/fasterxml/classmate/1.3.3/classmate-1.3.3.jar]
18:30:41.049 [main] DEBUG org.springframework.core.io.support.PathMatchingResourcePatternResolver - Looking for matching resources in jar file [file:/home/diksha15/.m2/repository/com/fasterxml/jackson/core/jackson-databind/2.8.9/jackson-databind-2.8.9.jar]
18:30:41.053 [main] DEBUG org.springframework.core.io.support.PathMatchingResourcePatternResolver - Looking for matching resources in jar file [file:/home/diksha15/.m2/repository/com/fasterxml/jackson/core/jackson-annotations/2.8.0/jackson-annotations-2.8.0.jar]
18:30:41.053 [main] DEBUG org.springframework.core.io.support.PathMatchingResourcePatternResolver - Looking for matching resources in jar file [file:/home/diksha15/.m2/repository/com/fasterxml/jackson/core/jackson-core/2.8.9/jackson-core-2.8.9.jar]
18:30:41.054 [main] DEBUG org.springframework.core.io.support.PathMatchingResourcePatternResolver - Looking for matching resources in jar file [file:/home/diksha15/.m2/repository/mysql/mysql-connector-java/5.1.43/mysql-connector-java-5.1.43.jar]
18:30:41.056 [main] DEBUG org.springframework.core.io.support.PathMatchingResourcePatternResolver - Looking for matching resources in jar file [file:/home/diksha15/.m2/repository/com/jayway/jsonpath/json-path/2.2.0/json-path-2.2.0.jar]
18:30:41.057 [main] DEBUG org.springframework.core.io.support.PathMatchingResourcePatternResolver - Resolved location pattern [classpath*:com/*.class] to resources []
]]></system-out>
  </testcase>
</testsuite>